fraig> cirr ./tests.fraig/C1355.aag

fraig> cirsim -r
3008 patterns simulated.

fraig> cirfraig

fraig> cirsim -r
2304 patterns simulated.

fraig> cirfraig

fraig> cirsim -r
2048 patterns simulated.

fraig> cirfraig

fraig> cirp -fec

fraig> cirsw

fraig> ciropt

fraig> cirstrash

fraig> cirp

Circuit Statistics
==================
  PI          41
  PO          32
  AIG        431
------------------
  Total      504

fraig> cirw -o myoutput/ref.aag

fraig> usage
Period time used : 0.05 seconds
Total time used  : 0.05 seconds
Total memory used: 0 M Bytes

fraig> q -f

