fraig> cirr ./tests.fraig/C17.aag

fraig> cirsim -r
64 patterns simulated.

fraig> cirfraig

fraig> cirsim -r
64 patterns simulated.

fraig> cirfraig

fraig> cirsim -r
64 patterns simulated.

fraig> cirfraig

fraig> cirp -fec

fraig> cirsw

fraig> ciropt

fraig> cirstrash

fraig> cirp

Circuit Statistics
==================
  PI           5
  PO           2
  AIG          6
------------------
  Total       13

fraig> cirw -o myoutput/ref.aag

fraig> usage
Period time used : 0 seconds
Total time used  : 0 seconds
Total memory used: 0 M Bytes

fraig> q -f

