fraig> cirr ./tests.fraig/C1908.aag

fraig> cirsim -r
7616 patterns simulated.

fraig> cirfraig

fraig> cirsim -r
4352 patterns simulated.

fraig> cirfraig

fraig> cirsim -r
5056 patterns simulated.

fraig> cirfraig

fraig> cirp -fec

fraig> cirsw

fraig> ciropt

fraig> cirstrash

fraig> cirp

Circuit Statistics
==================
  PI          33
  PO          25
  AIG        115
------------------
  Total      173

fraig> cirw -o myoutput/ref.aag

fraig> usage
Period time used : 0.13 seconds
Total time used  : 0.13 seconds
Total memory used: 0 M Bytes

fraig> q -f

