fraig> cirr ./tests.fraig/C3540.aag

fraig> cirsim -r

fraig> cirfraig

fraig> cirsim -r

fraig> cirfraig

fraig> cirsim -r

fraig> cirfraig

fraig> cirp -fec

fraig> cirsw

fraig> ciropt

fraig> cirstrash

fraig> cirp

Circuit Statistics
==================
  PI          50
  PO          22
  AIG        241
------------------
  Total      313

fraig> cirw -o myoutput/ref.aag

fraig> usage
Period time used : 0.07 seconds
Total time used  : 0.07 seconds
Total memory used: 0.1992 M Bytes

fraig> q -f

