fraig> cirr ./tests.fraig/C432_r.aag

fraig> cirsim -r
1728 patterns simulated.

fraig> cirfraig

fraig> cirsim -r
640 patterns simulated.

fraig> cirfraig

fraig> cirsim -r
896 patterns simulated.

fraig> cirfraig

fraig> cirp -fec

fraig> cirsw

fraig> ciropt

fraig> cirstrash

fraig> cirp

Circuit Statistics
==================
  PI          36
  PO           7
  AIG        189
------------------
  Total      232

fraig> cirw -o myoutput/ref.aag

fraig> usage
Period time used : 0.01 seconds
Total time used  : 0.01 seconds
Total memory used: 0 M Bytes

fraig> q -f

