fraig> cirr ./tests.fraig/C499_r.aag

fraig> cirsim -r

fraig> cirfraig

fraig> cirsim -r

fraig> cirfraig

fraig> cirsim -r

fraig> cirfraig

fraig> cirp -fec

fraig> cirsw

fraig> ciropt

fraig> cirstrash

fraig> cirp

Circuit Statistics
==================
  PI          41
  PO          32
  AIG        274
------------------
  Total      347

fraig> cirw -o myoutput/ref.aag

fraig> usage
Period time used : 0.02 seconds
Total time used  : 0.02 seconds
Total memory used: 0 M Bytes

fraig> q -f

