fraig> cirr ./tests.fraig/C499.aag

fraig> cirsim -r
3264 patterns simulated.

fraig> cirfraig

fraig> cirsim -r
2688 patterns simulated.

fraig> cirfraig

fraig> cirsim -r
2688 patterns simulated.

fraig> cirfraig

fraig> cirp -fec

fraig> cirsw

fraig> ciropt

fraig> cirstrash

fraig> cirp

Circuit Statistics
==================
  PI          41
  PO          32
  AIG         87
------------------
  Total      160

fraig> cirw -o myoutput/ref.aag

fraig> usage
Period time used : 0.04 seconds
Total time used  : 0.04 seconds
Total memory used: 0 M Bytes

fraig> q -f

