fraig> cirr ./tests.fraig/C5315.aag

fraig> cirsim -r
5952 patterns simulated.

fraig> cirfraig

fraig> cirsim -r
4288 patterns simulated.

fraig> cirfraig

fraig> cirsim -r
3584 patterns simulated.

fraig> cirfraig

fraig> cirp -fec

fraig> cirsw

fraig> ciropt

fraig> cirstrash

fraig> cirp

Circuit Statistics
==================
  PI         178
  PO         123
  AIG       1007
------------------
  Total     1308

fraig> cirw -o myoutput/ref.aag

fraig> usage
Period time used : 0.5 seconds
Total time used  : 0.5 seconds
Total memory used: 0 M Bytes

fraig> q -f

