fraig> cirr ./tests.fraig/C5315.aag

fraig> cirsim -r

fraig> cirfraig

fraig> cirsim -r

fraig> cirfraig

fraig> cirsim -r

fraig> cirfraig

fraig> cirp -fec

fraig> cirsw

fraig> ciropt

fraig> cirstrash

fraig> cirp

Circuit Statistics
==================
  PI         178
  PO         123
  AIG       1001
------------------
  Total     1302

fraig> cirw -o myoutput/ref.aag

fraig> usage
Period time used : 0.19 seconds
Total time used  : 0.19 seconds
Total memory used: 1.672 M Bytes

fraig> q -f

