fraig> cirr ./tests.fraig/C6288.aag

fraig> cirsim -r
1408 patterns simulated.

fraig> cirfraig

fraig> cirsim -r
128 patterns simulated.

fraig> cirfraig

fraig> cirsim -r
128 patterns simulated.

fraig> cirfraig

fraig> cirp -fec

fraig> cirsw

fraig> ciropt

fraig> cirstrash

fraig> cirp

Circuit Statistics
==================
  PI          32
  PO          32
  AIG       2291
------------------
  Total     2355

fraig> cirw -o myoutput/ref.aag

fraig> usage
Period time used : 0.03 seconds
Total time used  : 0.03 seconds
Total memory used: 0 M Bytes

fraig> q -f

