fraig> cirr ./tests.fraig/C7552.aag

fraig> cirsim -r
3072 patterns simulated.

fraig> cirfraig

fraig> cirsim -r
192 patterns simulated.

fraig> cirfraig

fraig> cirsim -r
192 patterns simulated.

fraig> cirfraig

fraig> cirp -fec

fraig> cirsw

fraig> ciropt

fraig> cirstrash

fraig> cirp

Circuit Statistics
==================
  PI         207
  PO         108
  AIG        496
------------------
  Total      811

fraig> cirw -o myoutput/ref.aag

fraig> usage
Period time used : 1.04 seconds
Total time used  : 1.04 seconds
Total memory used: 0.2148 M Bytes

fraig> q -f

