fraig> cirr ./tests.fraig/C880.aag

fraig> cirsim -r
3136 patterns simulated.

fraig> cirfraig

fraig> cirsim -r
3136 patterns simulated.

fraig> cirfraig

fraig> cirsim -r
3392 patterns simulated.

fraig> cirfraig

fraig> cirp -fec

fraig> cirsw

fraig> ciropt

fraig> cirstrash

fraig> cirp

Circuit Statistics
==================
  PI          60
  PO          26
  AIG        314
------------------
  Total      400

fraig> cirw -o myoutput/ref.aag

fraig> usage
Period time used : 0.01 seconds
Total time used  : 0.01 seconds
Total memory used: 0 M Bytes

fraig> q -f

