fraig> cirr ./tests.fraig/sim07.aag

fraig> cirsim -r
64 patterns simulated.

fraig> cirfraig

fraig> cirsim -r
64 patterns simulated.

fraig> cirfraig

fraig> cirsim -r
64 patterns simulated.

fraig> cirfraig

fraig> cirp -fec

fraig> cirsw

fraig> ciropt

fraig> cirstrash

fraig> cirp

Circuit Statistics
==================
  PI           4
  PO         195
  AIG       1226
------------------
  Total     1425

fraig> cirw -o myoutput/ref.aag

fraig> usage
Period time used : 3.98 seconds
Total time used  : 3.98 seconds
Total memory used: 1.684 M Bytes

fraig> q -f

