fraig> cirr ./tests.fraig/sim07.aag

fraig> cirsim -r

fraig> cirfraig

fraig> cirsim -r

fraig> cirfraig

fraig> cirsim -r

fraig> cirfraig

fraig> cirp -fec

fraig> cirsw

fraig> ciropt

fraig> cirstrash

fraig> cirp

Circuit Statistics
==================
  PI           4
  PO         195
  AIG       1175
------------------
  Total     1374

fraig> cirw -o myoutput/ref.aag

fraig> usage
Period time used : 7.32 seconds
Total time used  : 7.32 seconds
Total memory used: 6.219 M Bytes

fraig> q -f

