fraig> cirr ./tests.fraig/sim15.aag

fraig> cirsim -r
3520 patterns simulated.

fraig> cirfraig

fraig> cirsim -r
3200 patterns simulated.

fraig> cirfraig

fraig> cirsim -r
2880 patterns simulated.

fraig> cirfraig

fraig> cirp -fec

fraig> cirsw

fraig> ciropt

fraig> cirstrash

fraig> cirp

Circuit Statistics
==================
  PI          41
  PO           1
  AIG        769
------------------
  Total      811

fraig> cirw -o myoutput/ref.aag

fraig> usage
Period time used : 0.01 seconds
Total time used  : 0.01 seconds
Total memory used: 0 M Bytes

fraig> q -f

