fraig> cirr ./tests.fraig/sim13.aag

fraig> cirsim -r

fraig> cirfraig

fraig> cirsim -r

fraig> cirfraig

fraig> cirsim -r

fraig> cirfraig

fraig> cirp -fec

fraig> cirsw

fraig> ciropt

fraig> cirstrash

fraig> cirp

Circuit Statistics
==================
  PI        3357
  PO        3343
  AIG      77261
------------------
  Total    83961

fraig> cirw -o myoutput/ref.aag

fraig> usage
Period time used : 99.87 seconds
Total time used  : 99.87 seconds
Total memory used: 89.84 M Bytes

fraig> q -f

