fraig> cirr ./tests.fraig/sim12.aag

fraig> cirsim -r
5120 patterns simulated.

fraig> cirfraig

fraig> cirsim -r
64 patterns simulated.

fraig> cirfraig

fraig> cirsim -r
64 patterns simulated.

fraig> cirfraig

fraig> cirp -fec

fraig> cirsw

fraig> ciropt

fraig> cirstrash

fraig> cirp

Circuit Statistics
==================
  PI         277
  PO           1
  AIG          0
------------------
  Total      278

fraig> cirw -o myoutput/ref.aag

fraig> usage
Period time used : 2.99 seconds
Total time used  : 2.99 seconds
Total memory used: 1.848 M Bytes

fraig> q -f

