fraig> cirr ./tests.fraig/sim10.aag

fraig> cirsim -r
1728 patterns simulated.

fraig> cirfraig

fraig> cirsim -r
64 patterns simulated.

fraig> cirfraig

fraig> cirsim -r
64 patterns simulated.

fraig> cirfraig

fraig> cirp -fec

fraig> cirsw

fraig> ciropt

fraig> cirstrash

fraig> cirp

Circuit Statistics
==================
  PI          36
  PO           1
  AIG          0
------------------
  Total       37

fraig> cirw -o myoutput/ref.aag

fraig> usage
Period time used : 0.05 seconds
Total time used  : 0.05 seconds
Total memory used: 0 M Bytes

fraig> q -f

