fraig> cirr ./tests.fraig/sim14.aag

fraig> cirsim -r
3136 patterns simulated.

fraig> cirfraig

fraig> cirsim -r
64 patterns simulated.

fraig> cirfraig

fraig> cirsim -r
64 patterns simulated.

fraig> cirfraig

fraig> cirp -fec

fraig> cirsw

fraig> ciropt

fraig> cirstrash

fraig> cirp

Circuit Statistics
==================
  PI          41
  PO           1
  AIG          0
------------------
  Total       42

fraig> cirw -o myoutput/ref.aag

fraig> usage
Period time used : 0.07 seconds
Total time used  : 0.07 seconds
Total memory used: 0 M Bytes

fraig> q -f

