fraig> cirr ./tests.fraig/sim12.aag

fraig> cirsim -r

fraig> cirfraig

fraig> cirsim -r

fraig> cirfraig

fraig> cirsim -r

fraig> cirfraig

fraig> cirp -fec

fraig> cirsw

fraig> ciropt

fraig> cirstrash

fraig> cirp

Circuit Statistics
==================
  PI         277
  PO           1
  AIG          0
------------------
  Total      278

fraig> cirw -o myoutput/ref.aag

fraig> usage
Period time used : 2.64 seconds
Total time used  : 2.64 seconds
Total memory used: 5.539 M Bytes

fraig> q -f

